<?xml version="1.0" encoding="UTF-8"?>
<testsuite xmlns:xsi="http://www.w3.org/2001/XMLSchema-instance" xsi:noNamespaceSchemaLocation="https://maven.apache.org/surefire/maven-surefire-plugin/xsd/surefire-test-report.xsd" name="com.test.springboot.controller.ProjectManagerControllerTest" time="3.951" tests="11" errors="0" skipped="0" failures="0">
  <properties>
[...]
</properties>
  <testcase name="testGetTasks" classname="com.test.springboot.controller.ProjectManagerControllerTest" time="1.599"/>
  <testcase name="testGetUsers" classname="com.test.springboot.controller.ProjectManagerControllerTest" time="0.012"/>
  <testcase name="testUpdateUsers" classname="com.test.springboot.controller.ProjectManagerControllerTest" time="0.04"/>
  <testcase name="testHome" classname="com.test.springboot.controller.ProjectManagerControllerTest" time="0.017"/>
  <testcase name="testTest" classname="com.test.springboot.controller.ProjectManagerControllerTest" time="0.003"/>
  <testcase name="testGetParentTasksForProjectId" classname="com.test.springboot.controller.ProjectManagerControllerTest" time="0.004"/>
  <testcase name="testUpdateTask" classname="com.test.springboot.controller.ProjectManagerControllerTest" time="0.021"/>
  <testcase name="testUpdateProject" classname="com.test.springboot.controller.ProjectManagerControllerTest" time="0.002"/>
  <testcase name="testGetProjects" classname="com.test.springboot.controller.ProjectManagerControllerTest" time="0"/>
  <testcase name="testUpdateParentTask" classname="com.test.springboot.controller.ProjectManagerControllerTest" time="0.026"/>
  <testcase name="testGetAllParentTasks" classname="com.test.springboot.controller.ProjectManagerControllerTest" time="0.013"/>
</testsuite>